<?xml version="1.0" encoding="UTF-8"?>
<testsuite name="com.urartusoftware.urartusoftwarecontactservice.UrartusoftwareContactServiceApplicationTests" tests="1" skipped="0" failures="0" errors="0" timestamp="2023-03-19T17:41:31" hostname="macbook1hunnid.local" time="0.48">
  <properties/>
  <testcase name="contextLoads()" classname="com.urartusoftware.urartusoftwarecontactservice.UrartusoftwareContactServiceApplicationTests" time="0.48"/>
  <system-out><![CDATA[12:41:29.439 [Test worker] DEBUG org.springframework.boot.test.context.SpringBootTestContextBootstrapper - Neither @ContextConfiguration nor @ContextHierarchy found for test class [UrartusoftwareContactServiceApplicationTests]: using SpringBootContextLoader
12:41:29.447 [Test worker] DEBUG org.springframework.test.context.support.AbstractContextLoader - Could not detect default resource locations for test class [com.urartusoftware.urartusoftwarecontactservice.UrartusoftwareContactServiceApplicationTests]: no resource found for suffixes {-context.xml, Context.groovy}.
12:41:29.448 [Test worker] INFO org.springframework.test.context.support.AnnotationConfigContextLoaderUtils - Could not detect default configuration classes for test class [com.urartusoftware.urartusoftwarecontactservice.UrartusoftwareContactServiceApplicationTests]: UrartusoftwareContactServiceApplicationTests does not declare any static, non-private, non-final, nested classes annotated with @Configuration.
12:41:29.479 [Test worker] DEBUG org.springframework.boot.test.context.SpringBootTestContextBootstrapper - Using ContextCustomizers for test class [UrartusoftwareContactServiceApplicationTests]: [DisableObservabilityContextCustomizer, PropertyMappingContextCustomizer, Customizer, ExcludeFilterContextCustomizer, DuplicateJsonObjectContextCustomizer, MockitoContextCustomizer, TestRestTemplateContextCustomizer]
12:41:29.556 [Test worker] DEBUG org.springframework.context.annotation.ClassPathScanningCandidateComponentProvider - Identified candidate component class: file [/Users/vaheaslanyan/Documents/Programming/urartusoftware/urartusoftware-contact-service/build/classes/java/main/com/urartusoftware/urartusoftwarecontactservice/UrartusoftwareContactServiceApplication.class]
12:41:29.558 [Test worker] INFO org.springframework.boot.test.context.SpringBootTestContextBootstrapper - Found @SpringBootConfiguration com.urartusoftware.urartusoftwarecontactservice.UrartusoftwareContactServiceApplication for test class com.urartusoftware.urartusoftwarecontactservice.UrartusoftwareContactServiceApplicationTests
12:41:29.666 [Test worker] DEBUG org.springframework.boot.test.context.SpringBootTestContextBootstrapper - Using TestExecutionListeners for test class [UrartusoftwareContactServiceApplicationTests]: [ServletTestExecutionListener, DirtiesContextBeforeModesTestExecutionListener, ApplicationEventsTestExecutionListener, MockitoTestExecutionListener, DependencyInjectionTestExecutionListener, DirtiesContextTestExecutionListener, TransactionalTestExecutionListener, SqlScriptsTestExecutionListener, EventPublishingTestExecutionListener, RestDocsTestExecutionListener, MockRestServiceServerResetTestExecutionListener, MockMvcPrintOnlyOnFailureTestExecutionListener, WebDriverTestExecutionListener, MockWebServiceServerTestExecutionListener, ResetMocksTestExecutionListener]
12:41:29.668 [Test worker] DEBUG org.springframework.test.context.support.AbstractDirtiesContextTestExecutionListener - Before test class: class [UrartusoftwareContactServiceApplicationTests], class annotated with @DirtiesContext [false] with mode [null]

  .   ____          _            __ _ _
 /\\ / ___'_ __ _ _(_)_ __  __ _ \ \ \ \
( ( )\___ | '_ | '_| | '_ \/ _` | \ \ \ \
 \\/  ___)| |_)| | | | | || (_| |  ) ) ) )
  '  |____| .__|_| |_|_| |_\__, | / / / /
 =========|_|==============|___/=/_/_/_/
 :: Spring Boot ::                (v3.0.4)

2023-03-19T12:41:30.025-05:00  INFO 39879 --- [    Test worker] tusoftwareContactServiceApplicationTests : Starting UrartusoftwareContactServiceApplicationTests using Java 17.0.6 with PID 39879 (started by vaheaslanyan in /Users/vaheaslanyan/Documents/Programming/urartusoftware/urartusoftware-contact-service)
2023-03-19T12:41:30.027-05:00  INFO 39879 --- [    Test worker] tusoftwareContactServiceApplicationTests : No active profile set, falling back to 1 default profile: "default"
2023-03-19T12:41:30.425-05:00  INFO 39879 --- [    Test worker] .s.d.r.c.RepositoryConfigurationDelegate : Bootstrapping Spring Data MongoDB repositories in DEFAULT mode.
2023-03-19T12:41:30.475-05:00  INFO 39879 --- [    Test worker] .s.d.r.c.RepositoryConfigurationDelegate : Finished Spring Data repository scanning in 45 ms. Found 1 MongoDB repository interfaces.
2023-03-19T12:41:30.979-05:00  INFO 39879 --- [bbn.mongodb.net] org.mongodb.driver.cluster               : Adding discovered server ac-hygkys6-shard-00-00.isd4bbn.mongodb.net:27017 to client view of cluster
2023-03-19T12:41:30.989-05:00  INFO 39879 --- [    Test worker] org.mongodb.driver.client                : MongoClient with metadata {"driver": {"name": "mongo-java-driver|sync|spring-boot", "version": "4.8.2"}, "os": {"type": "Darwin", "name": "Mac OS X", "architecture": "x86_64", "version": "13.2.1"}, "platform": "Java/Homebrew/17.0.6+0"} created with settings MongoClientSettings{readPreference=primary, writeConcern=WriteConcern{w=majority, wTimeout=null ms, journal=null}, retryWrites=true, retryReads=true, readConcern=ReadConcern{level=null}, credential=MongoCredential{mechanism=null, userName='client_us', source='admin', password=<hidden>, mechanismProperties=<hidden>}, streamFactoryFactory=null, commandListeners=[], codecRegistry=ProvidersCodecRegistry{codecProviders=[ValueCodecProvider{}, BsonValueCodecProvider{}, DBRefCodecProvider{}, DBObjectCodecProvider{}, DocumentCodecProvider{}, CollectionCodecProvider{}, IterableCodecProvider{}, MapCodecProvider{}, GeoJsonCodecProvider{}, GridFSFileCodecProvider{}, Jsr310CodecProvider{}, JsonObjectCodecProvider{}, BsonCodecProvider{}, EnumCodecProvider{}, com.mongodb.Jep395RecordCodecProvider@4346808]}, clusterSettings={hosts=[127.0.0.1:27017], srvHost=urartusoftware.isd4bbn.mongodb.net, srvServiceName=mongodb, mode=MULTIPLE, requiredClusterType=REPLICA_SET, requiredReplicaSetName='atlas-suuxlc-shard-0', serverSelector='null', clusterListeners='[]', serverSelectionTimeout='30000 ms', localThreshold='30000 ms'}, socketSettings=SocketSettings{connectTimeoutMS=10000, readTimeoutMS=0, receiveBufferSize=0, sendBufferSize=0}, heartbeatSocketSettings=SocketSettings{connectTimeoutMS=10000, readTimeoutMS=10000, receiveBufferSize=0, sendBufferSize=0}, connectionPoolSettings=ConnectionPoolSettings{maxSize=100, minSize=0, maxWaitTimeMS=120000, maxConnectionLifeTimeMS=0, maxConnectionIdleTimeMS=0, maintenanceInitialDelayMS=0, maintenanceFrequencyMS=60000, connectionPoolListeners=[], maxConnecting=2}, serverSettings=ServerSettings{heartbeatFrequencyMS=10000, minHeartbeatFrequencyMS=500, serverListeners='[]', serverMonitorListeners='[]'}, sslSettings=SslSettings{enabled=true, invalidHostNameAllowed=false, context=null}, applicationName='null', compressorList=[], uuidRepresentation=JAVA_LEGACY, serverApi=null, autoEncryptionSettings=null, contextProvider=null}
2023-03-19T12:41:30.999-05:00  INFO 39879 --- [bbn.mongodb.net] org.mongodb.driver.cluster               : Adding discovered server ac-hygkys6-shard-00-01.isd4bbn.mongodb.net:27017 to client view of cluster
2023-03-19T12:41:31.001-05:00  INFO 39879 --- [bbn.mongodb.net] org.mongodb.driver.cluster               : Adding discovered server ac-hygkys6-shard-00-02.isd4bbn.mongodb.net:27017 to client view of cluster
2023-03-19T12:41:31.827-05:00  INFO 39879 --- [    Test worker] tusoftwareContactServiceApplicationTests : Started UrartusoftwareContactServiceApplicationTests in 2.108 seconds (process running for 3.474)
2023-03-19T12:41:31.893-05:00  INFO 39879 --- [ngodb.net:27017] org.mongodb.driver.cluster               : Monitor thread successfully connected to server with description ServerDescription{address=ac-hygkys6-shard-00-01.isd4bbn.mongodb.net:27017, type=REPLICA_SET_PRIMARY, state=CONNECTED, ok=true, minWireVersion=0, maxWireVersion=13, maxDocumentSize=16777216, logicalSessionTimeoutMinutes=30, roundTripTimeNanos=529821604, setName='atlas-suuxlc-shard-0', canonicalAddress=ac-hygkys6-shard-00-01.isd4bbn.mongodb.net:27017, hosts=[ac-hygkys6-shard-00-00.isd4bbn.mongodb.net:27017, ac-hygkys6-shard-00-02.isd4bbn.mongodb.net:27017, ac-hygkys6-shard-00-01.isd4bbn.mongodb.net:27017], passives=[], arbiters=[], primary='ac-hygkys6-shard-00-01.isd4bbn.mongodb.net:27017', tagSet=TagSet{[Tag{name='nodeType', value='ELECTABLE'}, Tag{name='provider', value='GCP'}, Tag{name='region', value='WESTERN_EUROPE'}, Tag{name='workloadType', value='OPERATIONAL'}]}, electionId=7fffffff0000000000000088, setVersion=7, topologyVersion=TopologyVersion{processId=64120897c0248b2170caf049, counter=6}, lastWriteDate=Sun Mar 19 12:41:31 CDT 2023, lastUpdateTimeNanos=85469553865875}
2023-03-19T12:41:31.893-05:00  INFO 39879 --- [ngodb.net:27017] org.mongodb.driver.cluster               : Monitor thread successfully connected to server with description ServerDescription{address=ac-hygkys6-shard-00-02.isd4bbn.mongodb.net:27017, type=REPLICA_SET_SECONDARY, state=CONNECTED, ok=true, minWireVersion=0, maxWireVersion=13, maxDocumentSize=16777216, logicalSessionTimeoutMinutes=30, roundTripTimeNanos=529888829, setName='atlas-suuxlc-shard-0', canonicalAddress=ac-hygkys6-shard-00-02.isd4bbn.mongodb.net:27017, hosts=[ac-hygkys6-shard-00-00.isd4bbn.mongodb.net:27017, ac-hygkys6-shard-00-02.isd4bbn.mongodb.net:27017, ac-hygkys6-shard-00-01.isd4bbn.mongodb.net:27017], passives=[], arbiters=[], primary='ac-hygkys6-shard-00-01.isd4bbn.mongodb.net:27017', tagSet=TagSet{[Tag{name='nodeType', value='ELECTABLE'}, Tag{name='provider', value='GCP'}, Tag{name='region', value='WESTERN_EUROPE'}, Tag{name='workloadType', value='OPERATIONAL'}]}, electionId=null, setVersion=7, topologyVersion=TopologyVersion{processId=6412099c5cfea28fd6177ff9, counter=3}, lastWriteDate=Sun Mar 19 12:41:31 CDT 2023, lastUpdateTimeNanos=85469553926258}
2023-03-19T12:41:31.893-05:00  INFO 39879 --- [ngodb.net:27017] org.mongodb.driver.cluster               : Monitor thread successfully connected to server with description ServerDescription{address=ac-hygkys6-shard-00-00.isd4bbn.mongodb.net:27017, type=REPLICA_SET_SECONDARY, state=CONNECTED, ok=true, minWireVersion=0, maxWireVersion=13, maxDocumentSize=16777216, logicalSessionTimeoutMinutes=30, roundTripTimeNanos=529357137, setName='atlas-suuxlc-shard-0', canonicalAddress=ac-hygkys6-shard-00-00.isd4bbn.mongodb.net:27017, hosts=[ac-hygkys6-shard-00-00.isd4bbn.mongodb.net:27017, ac-hygkys6-shard-00-02.isd4bbn.mongodb.net:27017, ac-hygkys6-shard-00-01.isd4bbn.mongodb.net:27017], passives=[], arbiters=[], primary='ac-hygkys6-shard-00-01.isd4bbn.mongodb.net:27017', tagSet=TagSet{[Tag{name='nodeType', value='ELECTABLE'}, Tag{name='provider', value='GCP'}, Tag{name='region', value='WESTERN_EUROPE'}, Tag{name='workloadType', value='OPERATIONAL'}]}, electionId=null, setVersion=7, topologyVersion=TopologyVersion{processId=6412078cf89aad7b2ab78ccf, counter=4}, lastWriteDate=Sun Mar 19 12:41:31 CDT 2023, lastUpdateTimeNanos=85469553865975}
2023-03-19T12:41:31.896-05:00  INFO 39879 --- [ngodb.net:27017] org.mongodb.driver.cluster               : Discovered replica set primary ac-hygkys6-shard-00-01.isd4bbn.mongodb.net:27017 with max election id 7fffffff0000000000000088 and max set version 7
]]></system-out>
  <system-err><![CDATA[]]></system-err>
</testsuite>
